<?xml version="1.0" encoding="UTF-8"?>
<!-- Generated by org.testng.reporters.JUnitReportReporter -->
<testsuite hostname="inf-sdt-256" name="testcases.testcases_Login.Login" tests="1" failures="0" timestamp="8 Jul 2015 12:21:16 GMT" time="0.047" errors="0">
  <testcase name="main" time="0.047" classname="testcases.testcases_Login.Login"/>
</testsuite> <!-- testcases.testcases_Login.Login -->
