<?xml version="1.0" encoding="UTF-8"?>
<!-- Generated by org.testng.reporters.JUnitReportReporter -->
<testsuite hostname="inf-sdt-256" name="testcases.testcases_Login.LG_02" tests="1" failures="0" timestamp="10 Jul 2015 09:06:58 GMT" time="0.812" errors="0">
  <testcase name="main" time="0.812" classname="testcases.testcases_Login.LG_02"/>
</testsuite> <!-- testcases.testcases_Login.LG_02 -->
