<?xml version="1.0" encoding="UTF-8"?>
<!-- Generated by org.testng.reporters.JUnitReportReporter -->
<testsuite hostname="inf-sdt-256" name="testcases.testcases_Login.LG_01" tests="1" failures="0" timestamp="8 Jul 2015 13:49:18 GMT" time="2.218" errors="0">
  <testcase name="main" time="2.218" classname="testcases.testcases_Login.LG_01"/>
</testsuite> <!-- testcases.testcases_Login.LG_01 -->
